

Version:	3.50
CmdLine:	D:\MyProjects\MechIsCool\My.exe --l4j-debug
JNI:		No
WOW64:		Yes
Working dir:	D:\MyProjects\MechIsCool\.
Requires JDK:	Yes
Requires 64-Bit: No
Java min ver:	1.000.000
Java max ver:	
Substitute:	JAVA_HOME = 
Substitute:	PATH = C:\Program Files\Common Files\Oracle\Java\javapath;C:\WINDOWS\system32;C:\WINDOWS;C:\WINDOWS\System32\Wbem;C:\WINDOWS\System32\WindowsPowerShell\v1.0\;C:\WINDOWS\System32\OpenSSH\;C:\Program Files\dotnet\;C:\Program Files\nodejs\;C:\Program Files\Go\bin;D:\Programs\Git\cmd;;C:\Program Files\Docker\Docker\resources\bin;C:\Users\temur\AppData\Local\Microsoft\WindowsApps;C:\Users\temur\AppData\Local\Python\bin;C:\Users\temur\AppData\Local\Programs\Microsoft VS Code\bin;C:\Users\temur\.dotnet\tools;C:\Users\temur\AppData\Local\PowerToys\DSCModules\;D:\Programs\Antigravity\bin;C:\Users\temur\AppData\Roaming\npm;C:\Users\temur\go\bin;C:\Program Files\Processing\;C:\Program Files\maven\apache-maven-3.9.12\bin;C:\Users\temur\AppData\Local\Google\Cloud SDK\google-cloud-sdk\bin;C:\Program Files\Java\jdk-21\bin
JRE paths:	;C:\Program Files\Common Files\Oracle\Java\javapath;C:\WINDOWS\system32;C:\WINDOWS;C:\WINDOWS\System32\Wbem;C:\WINDOWS\System32\WindowsPowerShell\v1.0\;C:\WINDOWS\System32\OpenSSH\;C:\Program Files\dotnet\;C:\Program Files\nodejs\;C:\Program Files\Go\bin;D:\Programs\Git\cmd;;C:\Program Files\Docker\Docker\resources\bin;C:\Users\temur\AppData\Local\Microsoft\WindowsApps;C:\Users\temur\AppData\Local\Python\bin;C:\Users\temur\AppData\Local\Programs\Microsoft VS Code\bin;C:\Users\temur\.dotnet\tools;C:\Users\temur\AppData\Local\PowerToys\DSCModules\;D:\Programs\Antigravity\bin;C:\Users\temur\AppData\Roaming\npm;C:\Users\temur\go\bin;C:\Program Files\Processing\;C:\Program Files\maven\apache-maven-3.9.12\bin;C:\Users\temur\AppData\Local\Google\Cloud SDK\google-cloud-sdk\bin;C:\Program Files\Java\jdk-21\bin
Check launcher:	C:\Program Files\Common Files\Oracle\Java\javapath\bin\javaw.exe (not found)
Check launcher:	C:\WINDOWS\system32\bin\javaw.exe (not found)
Check launcher:	C:\WINDOWS\bin\javaw.exe (not found)
Check launcher:	C:\WINDOWS\System32\Wbem\bin\javaw.exe (not found)
Check launcher:	C:\WINDOWS\System32\WindowsPowerShell\v1.0\bin\javaw.exe (not found)
Check launcher:	C:\WINDOWS\System32\OpenSSH\bin\javaw.exe (not found)
Check launcher:	C:\Program Files\dotnet\bin\javaw.exe (not found)
Check launcher:	C:\Program Files\nodejs\bin\javaw.exe (not found)
Check launcher:	C:\Program Files\Go\bin\javaw.exe (not found)
Check launcher:	D:\Programs\Git\cmd\bin\javaw.exe (not found)
Check launcher:	C:\Program Files\Docker\Docker\resources\bin\javaw.exe (not found)
Check launcher:	C:\Users\temur\AppData\Local\Microsoft\WindowsApps\bin\javaw.exe (not found)
Check launcher:	C:\Users\temur\AppData\Local\Python\bin\javaw.exe (not found)
Check launcher:	C:\Users\temur\AppData\Local\Programs\Microsoft VS Code\bin\javaw.exe (not found)
Check launcher:	C:\Users\temur\.dotnet\tools\bin\javaw.exe (not found)
Check launcher:	C:\Users\temur\AppData\Local\PowerToys\DSCModules\bin\javaw.exe (not found)
Check launcher:	D:\Programs\Antigravity\bin\javaw.exe (not found)
Check launcher:	C:\Users\temur\AppData\Roaming\npm\bin\javaw.exe (not found)
Check launcher:	C:\Users\temur\go\bin\javaw.exe (not found)
Check launcher:	C:\Program Files\Processing\bin\javaw.exe (not found)
Check launcher:	C:\Program Files\maven\apache-maven-3.9.12\bin\javaw.exe (not found)
Check launcher:	C:\Users\temur\AppData\Local\Google\Cloud SDK\google-cloud-sdk\bin\javaw.exe (not found)
Check launcher:	C:\Program Files\Java\jdk-21\bin\javaw.exe (OK)
Check javac:	C:\Program Files\Java\jdk-21\bin\javac.exe (OK)
Version string: 1.021.000_009 / 64-Bit (OK)
Launcher:	C:\Program Files\Java\jdk-21\bin\javaw.exe
Launcher args:	-jar "D:\MyProjects\MechIsCool\My.exe"
Args length:	38/32768 chars
Exit code:	0


Version:	3.50
CmdLine:	D:\MyProjects\MechIsCool\My.exe --l4j-debug
JNI:		No
WOW64:		Yes
Working dir:	D:\MyProjects\MechIsCool\.
Requires JDK:	No
Requires 64-Bit: No
Java min ver:	1.000.000
Java max ver:	
Substitute:	JAVA_HOME = 
Substitute:	PATH = C:\Program Files\Common Files\Oracle\Java\javapath;C:\WINDOWS\system32;C:\WINDOWS;C:\WINDOWS\System32\Wbem;C:\WINDOWS\System32\WindowsPowerShell\v1.0\;C:\WINDOWS\System32\OpenSSH\;C:\Program Files\dotnet\;C:\Program Files\nodejs\;C:\Program Files\Go\bin;D:\Programs\Git\cmd;;C:\Program Files\Docker\Docker\resources\bin;C:\Users\temur\AppData\Local\Microsoft\WindowsApps;C:\Users\temur\AppData\Local\Python\bin;C:\Users\temur\AppData\Local\Programs\Microsoft VS Code\bin;C:\Users\temur\.dotnet\tools;C:\Users\temur\AppData\Local\PowerToys\DSCModules\;D:\Programs\Antigravity\bin;C:\Users\temur\AppData\Roaming\npm;C:\Users\temur\go\bin;C:\Program Files\Processing\;C:\Program Files\maven\apache-maven-3.9.12\bin;C:\Users\temur\AppData\Local\Google\Cloud SDK\google-cloud-sdk\bin;C:\Program Files\Java\jdk-21\bin
JRE paths:	;C:\Program Files\Common Files\Oracle\Java\javapath;C:\WINDOWS\system32;C:\WINDOWS;C:\WINDOWS\System32\Wbem;C:\WINDOWS\System32\WindowsPowerShell\v1.0\;C:\WINDOWS\System32\OpenSSH\;C:\Program Files\dotnet\;C:\Program Files\nodejs\;C:\Program Files\Go\bin;D:\Programs\Git\cmd;;C:\Program Files\Docker\Docker\resources\bin;C:\Users\temur\AppData\Local\Microsoft\WindowsApps;C:\Users\temur\AppData\Local\Python\bin;C:\Users\temur\AppData\Local\Programs\Microsoft VS Code\bin;C:\Users\temur\.dotnet\tools;C:\Users\temur\AppData\Local\PowerToys\DSCModules\;D:\Programs\Antigravity\bin;C:\Users\temur\AppData\Roaming\npm;C:\Users\temur\go\bin;C:\Program Files\Processing\;C:\Program Files\maven\apache-maven-3.9.12\bin;C:\Users\temur\AppData\Local\Google\Cloud SDK\google-cloud-sdk\bin;C:\Program Files\Java\jdk-21\bin
Check launcher:	C:\Program Files\Common Files\Oracle\Java\javapath\bin\javaw.exe (not found)
Check launcher:	C:\WINDOWS\system32\bin\javaw.exe (not found)
Check launcher:	C:\WINDOWS\bin\javaw.exe (not found)
Check launcher:	C:\WINDOWS\System32\Wbem\bin\javaw.exe (not found)
Check launcher:	C:\WINDOWS\System32\WindowsPowerShell\v1.0\bin\javaw.exe (not found)
Check launcher:	C:\WINDOWS\System32\OpenSSH\bin\javaw.exe (not found)
Check launcher:	C:\Program Files\dotnet\bin\javaw.exe (not found)
Check launcher:	C:\Program Files\nodejs\bin\javaw.exe (not found)
Check launcher:	C:\Program Files\Go\bin\javaw.exe (not found)
Check launcher:	D:\Programs\Git\cmd\bin\javaw.exe (not found)
Check launcher:	C:\Program Files\Docker\Docker\resources\bin\javaw.exe (not found)
Check launcher:	C:\Users\temur\AppData\Local\Microsoft\WindowsApps\bin\javaw.exe (not found)
Check launcher:	C:\Users\temur\AppData\Local\Python\bin\javaw.exe (not found)
Check launcher:	C:\Users\temur\AppData\Local\Programs\Microsoft VS Code\bin\javaw.exe (not found)
Check launcher:	C:\Users\temur\.dotnet\tools\bin\javaw.exe (not found)
Check launcher:	C:\Users\temur\AppData\Local\PowerToys\DSCModules\bin\javaw.exe (not found)
Check launcher:	D:\Programs\Antigravity\bin\javaw.exe (not found)
Check launcher:	C:\Users\temur\AppData\Roaming\npm\bin\javaw.exe (not found)
Check launcher:	C:\Users\temur\go\bin\javaw.exe (not found)
Check launcher:	C:\Program Files\Processing\bin\javaw.exe (not found)
Check launcher:	C:\Program Files\maven\apache-maven-3.9.12\bin\javaw.exe (not found)
Check launcher:	C:\Users\temur\AppData\Local\Google\Cloud SDK\google-cloud-sdk\bin\javaw.exe (not found)
Check launcher:	C:\Program Files\Java\jdk-21\bin\javaw.exe (OK)
Version string: 1.021.000_009 / 64-Bit (OK)
Launcher:	C:\Program Files\Java\jdk-21\bin\javaw.exe
Launcher args:	-jar "D:\MyProjects\MechIsCool\My.exe"
Args length:	38/32768 chars
Exit code:	0


Version:	3.50
CmdLine:	D:\MyProjects\MechIsCool\My.exe --l4j-debug
JNI:		No
WOW64:		Yes
Working dir:	D:\MyProjects\MechIsCool\.
Requires JDK:	No
Requires 64-Bit: No
Java min ver:	1.000.000
Java max ver:	
Substitute:	JAVA_HOME = 
Substitute:	PATH = C:\Program Files\Common Files\Oracle\Java\javapath;C:\WINDOWS\system32;C:\WINDOWS;C:\WINDOWS\System32\Wbem;C:\WINDOWS\System32\WindowsPowerShell\v1.0\;C:\WINDOWS\System32\OpenSSH\;C:\Program Files\dotnet\;C:\Program Files\nodejs\;C:\Program Files\Go\bin;D:\Programs\Git\cmd;;C:\Program Files\Docker\Docker\resources\bin;C:\Users\temur\AppData\Local\Microsoft\WindowsApps;C:\Users\temur\AppData\Local\Python\bin;C:\Users\temur\AppData\Local\Programs\Microsoft VS Code\bin;C:\Users\temur\.dotnet\tools;C:\Users\temur\AppData\Local\PowerToys\DSCModules\;D:\Programs\Antigravity\bin;C:\Users\temur\AppData\Roaming\npm;C:\Users\temur\go\bin;C:\Program Files\Processing\;C:\Program Files\maven\apache-maven-3.9.12\bin;C:\Users\temur\AppData\Local\Google\Cloud SDK\google-cloud-sdk\bin;C:\Program Files\Java\jdk-21\bin
JRE paths:	;C:\Program Files\Common Files\Oracle\Java\javapath;C:\WINDOWS\system32;C:\WINDOWS;C:\WINDOWS\System32\Wbem;C:\WINDOWS\System32\WindowsPowerShell\v1.0\;C:\WINDOWS\System32\OpenSSH\;C:\Program Files\dotnet\;C:\Program Files\nodejs\;C:\Program Files\Go\bin;D:\Programs\Git\cmd;;C:\Program Files\Docker\Docker\resources\bin;C:\Users\temur\AppData\Local\Microsoft\WindowsApps;C:\Users\temur\AppData\Local\Python\bin;C:\Users\temur\AppData\Local\Programs\Microsoft VS Code\bin;C:\Users\temur\.dotnet\tools;C:\Users\temur\AppData\Local\PowerToys\DSCModules\;D:\Programs\Antigravity\bin;C:\Users\temur\AppData\Roaming\npm;C:\Users\temur\go\bin;C:\Program Files\Processing\;C:\Program Files\maven\apache-maven-3.9.12\bin;C:\Users\temur\AppData\Local\Google\Cloud SDK\google-cloud-sdk\bin;C:\Program Files\Java\jdk-21\bin
Check launcher:	C:\Program Files\Common Files\Oracle\Java\javapath\bin\javaw.exe (not found)
Check launcher:	C:\WINDOWS\system32\bin\javaw.exe (not found)
Check launcher:	C:\WINDOWS\bin\javaw.exe (not found)
Check launcher:	C:\WINDOWS\System32\Wbem\bin\javaw.exe (not found)
Check launcher:	C:\WINDOWS\System32\WindowsPowerShell\v1.0\bin\javaw.exe (not found)
Check launcher:	C:\WINDOWS\System32\OpenSSH\bin\javaw.exe (not found)
Check launcher:	C:\Program Files\dotnet\bin\javaw.exe (not found)
Check launcher:	C:\Program Files\nodejs\bin\javaw.exe (not found)
Check launcher:	C:\Program Files\Go\bin\javaw.exe (not found)
Check launcher:	D:\Programs\Git\cmd\bin\javaw.exe (not found)
Check launcher:	C:\Program Files\Docker\Docker\resources\bin\javaw.exe (not found)
Check launcher:	C:\Users\temur\AppData\Local\Microsoft\WindowsApps\bin\javaw.exe (not found)
Check launcher:	C:\Users\temur\AppData\Local\Python\bin\javaw.exe (not found)
Check launcher:	C:\Users\temur\AppData\Local\Programs\Microsoft VS Code\bin\javaw.exe (not found)
Check launcher:	C:\Users\temur\.dotnet\tools\bin\javaw.exe (not found)
Check launcher:	C:\Users\temur\AppData\Local\PowerToys\DSCModules\bin\javaw.exe (not found)
Check launcher:	D:\Programs\Antigravity\bin\javaw.exe (not found)
Check launcher:	C:\Users\temur\AppData\Roaming\npm\bin\javaw.exe (not found)
Check launcher:	C:\Users\temur\go\bin\javaw.exe (not found)
Check launcher:	C:\Program Files\Processing\bin\javaw.exe (not found)
Check launcher:	C:\Program Files\maven\apache-maven-3.9.12\bin\javaw.exe (not found)
Check launcher:	C:\Users\temur\AppData\Local\Google\Cloud SDK\google-cloud-sdk\bin\javaw.exe (not found)
Check launcher:	C:\Program Files\Java\jdk-21\bin\javaw.exe (OK)
Version string: 1.021.000_009 / 64-Bit (OK)
Launcher:	C:\Program Files\Java\jdk-21\bin\javaw.exe
Launcher args:	-jar "D:\MyProjects\MechIsCool\My.exe"
Args length:	38/32768 chars
Exit code:	0


Version:	3.50
CmdLine:	D:\MyProjects\MechIsCool\My.exe --l4j-debug
JNI:		No
WOW64:		Yes
Working dir:	D:\MyProjects\MechIsCool\.
Requires JDK:	No
Requires 64-Bit: No
Java min ver:	1.000.000
Java max ver:	
Substitute:	JAVA_HOME = 
Substitute:	PATH = C:\Program Files\Common Files\Oracle\Java\javapath;C:\WINDOWS\system32;C:\WINDOWS;C:\WINDOWS\System32\Wbem;C:\WINDOWS\System32\WindowsPowerShell\v1.0\;C:\WINDOWS\System32\OpenSSH\;C:\Program Files\dotnet\;C:\Program Files\nodejs\;C:\Program Files\Go\bin;D:\Programs\Git\cmd;;C:\Program Files\Docker\Docker\resources\bin;C:\Users\temur\AppData\Local\Microsoft\WindowsApps;C:\Users\temur\AppData\Local\Python\bin;C:\Users\temur\AppData\Local\Programs\Microsoft VS Code\bin;C:\Users\temur\.dotnet\tools;C:\Users\temur\AppData\Local\PowerToys\DSCModules\;D:\Programs\Antigravity\bin;C:\Users\temur\AppData\Roaming\npm;C:\Users\temur\go\bin;C:\Program Files\Processing\;C:\Program Files\maven\apache-maven-3.9.12\bin;C:\Users\temur\AppData\Local\Google\Cloud SDK\google-cloud-sdk\bin;C:\Program Files\Java\jdk-21\bin
JRE paths:	;C:\Program Files\Common Files\Oracle\Java\javapath;C:\WINDOWS\system32;C:\WINDOWS;C:\WINDOWS\System32\Wbem;C:\WINDOWS\System32\WindowsPowerShell\v1.0\;C:\WINDOWS\System32\OpenSSH\;C:\Program Files\dotnet\;C:\Program Files\nodejs\;C:\Program Files\Go\bin;D:\Programs\Git\cmd;;C:\Program Files\Docker\Docker\resources\bin;C:\Users\temur\AppData\Local\Microsoft\WindowsApps;C:\Users\temur\AppData\Local\Python\bin;C:\Users\temur\AppData\Local\Programs\Microsoft VS Code\bin;C:\Users\temur\.dotnet\tools;C:\Users\temur\AppData\Local\PowerToys\DSCModules\;D:\Programs\Antigravity\bin;C:\Users\temur\AppData\Roaming\npm;C:\Users\temur\go\bin;C:\Program Files\Processing\;C:\Program Files\maven\apache-maven-3.9.12\bin;C:\Users\temur\AppData\Local\Google\Cloud SDK\google-cloud-sdk\bin;C:\Program Files\Java\jdk-21\bin
Check launcher:	C:\Program Files\Common Files\Oracle\Java\javapath\bin\javaw.exe (not found)
Check launcher:	C:\WINDOWS\system32\bin\javaw.exe (not found)
Check launcher:	C:\WINDOWS\bin\javaw.exe (not found)
Check launcher:	C:\WINDOWS\System32\Wbem\bin\javaw.exe (not found)
Check launcher:	C:\WINDOWS\System32\WindowsPowerShell\v1.0\bin\javaw.exe (not found)
Check launcher:	C:\WINDOWS\System32\OpenSSH\bin\javaw.exe (not found)
Check launcher:	C:\Program Files\dotnet\bin\javaw.exe (not found)
Check launcher:	C:\Program Files\nodejs\bin\javaw.exe (not found)
Check launcher:	C:\Program Files\Go\bin\javaw.exe (not found)
Check launcher:	D:\Programs\Git\cmd\bin\javaw.exe (not found)
Check launcher:	C:\Program Files\Docker\Docker\resources\bin\javaw.exe (not found)
Check launcher:	C:\Users\temur\AppData\Local\Microsoft\WindowsApps\bin\javaw.exe (not found)
Check launcher:	C:\Users\temur\AppData\Local\Python\bin\javaw.exe (not found)
Check launcher:	C:\Users\temur\AppData\Local\Programs\Microsoft VS Code\bin\javaw.exe (not found)
Check launcher:	C:\Users\temur\.dotnet\tools\bin\javaw.exe (not found)
Check launcher:	C:\Users\temur\AppData\Local\PowerToys\DSCModules\bin\javaw.exe (not found)
Check launcher:	D:\Programs\Antigravity\bin\javaw.exe (not found)
Check launcher:	C:\Users\temur\AppData\Roaming\npm\bin\javaw.exe (not found)
Check launcher:	C:\Users\temur\go\bin\javaw.exe (not found)
Check launcher:	C:\Program Files\Processing\bin\javaw.exe (not found)
Check launcher:	C:\Program Files\maven\apache-maven-3.9.12\bin\javaw.exe (not found)
Check launcher:	C:\Users\temur\AppData\Local\Google\Cloud SDK\google-cloud-sdk\bin\javaw.exe (not found)
Check launcher:	C:\Program Files\Java\jdk-21\bin\javaw.exe (OK)
Version string: 1.021.000_009 / 64-Bit (OK)
Launcher:	C:\Program Files\Java\jdk-21\bin\javaw.exe
Launcher args:	-jar "D:\MyProjects\MechIsCool\My.exe"
Args length:	38/32768 chars
Exit code:	0


Version:	3.50
CmdLine:	D:\MyProjects\MechIsCool\My.exe --l4j-debug
JNI:		No
WOW64:		Yes
Working dir:	D:\MyProjects\MechIsCool\.
Requires JDK:	No
Requires 64-Bit: No
Java min ver:	1.000.000
Java max ver:	
Substitute:	JAVA_HOME = 
Substitute:	PATH = C:\Program Files\Common Files\Oracle\Java\javapath;C:\WINDOWS\system32;C:\WINDOWS;C:\WINDOWS\System32\Wbem;C:\WINDOWS\System32\WindowsPowerShell\v1.0\;C:\WINDOWS\System32\OpenSSH\;C:\Program Files\dotnet\;C:\Program Files\nodejs\;C:\Program Files\Go\bin;D:\Programs\Git\cmd;;C:\Program Files\Docker\Docker\resources\bin;C:\Users\temur\AppData\Local\Microsoft\WindowsApps;C:\Users\temur\AppData\Local\Python\bin;C:\Users\temur\AppData\Local\Programs\Microsoft VS Code\bin;C:\Users\temur\.dotnet\tools;C:\Users\temur\AppData\Local\PowerToys\DSCModules\;D:\Programs\Antigravity\bin;C:\Users\temur\AppData\Roaming\npm;C:\Users\temur\go\bin;C:\Program Files\Processing\;C:\Program Files\maven\apache-maven-3.9.12\bin;C:\Users\temur\AppData\Local\Google\Cloud SDK\google-cloud-sdk\bin;C:\Program Files\Java\jdk-21\bin
JRE paths:	;C:\Program Files\Common Files\Oracle\Java\javapath;C:\WINDOWS\system32;C:\WINDOWS;C:\WINDOWS\System32\Wbem;C:\WINDOWS\System32\WindowsPowerShell\v1.0\;C:\WINDOWS\System32\OpenSSH\;C:\Program Files\dotnet\;C:\Program Files\nodejs\;C:\Program Files\Go\bin;D:\Programs\Git\cmd;;C:\Program Files\Docker\Docker\resources\bin;C:\Users\temur\AppData\Local\Microsoft\WindowsApps;C:\Users\temur\AppData\Local\Python\bin;C:\Users\temur\AppData\Local\Programs\Microsoft VS Code\bin;C:\Users\temur\.dotnet\tools;C:\Users\temur\AppData\Local\PowerToys\DSCModules\;D:\Programs\Antigravity\bin;C:\Users\temur\AppData\Roaming\npm;C:\Users\temur\go\bin;C:\Program Files\Processing\;C:\Program Files\maven\apache-maven-3.9.12\bin;C:\Users\temur\AppData\Local\Google\Cloud SDK\google-cloud-sdk\bin;C:\Program Files\Java\jdk-21\bin
Check launcher:	C:\Program Files\Common Files\Oracle\Java\javapath\bin\javaw.exe (not found)
Check launcher:	C:\WINDOWS\system32\bin\javaw.exe (not found)
Check launcher:	C:\WINDOWS\bin\javaw.exe (not found)
Check launcher:	C:\WINDOWS\System32\Wbem\bin\javaw.exe (not found)
Check launcher:	C:\WINDOWS\System32\WindowsPowerShell\v1.0\bin\javaw.exe (not found)
Check launcher:	C:\WINDOWS\System32\OpenSSH\bin\javaw.exe (not found)
Check launcher:	C:\Program Files\dotnet\bin\javaw.exe (not found)
Check launcher:	C:\Program Files\nodejs\bin\javaw.exe (not found)
Check launcher:	C:\Program Files\Go\bin\javaw.exe (not found)
Check launcher:	D:\Programs\Git\cmd\bin\javaw.exe (not found)
Check launcher:	C:\Program Files\Docker\Docker\resources\bin\javaw.exe (not found)
Check launcher:	C:\Users\temur\AppData\Local\Microsoft\WindowsApps\bin\javaw.exe (not found)
Check launcher:	C:\Users\temur\AppData\Local\Python\bin\javaw.exe (not found)
Check launcher:	C:\Users\temur\AppData\Local\Programs\Microsoft VS Code\bin\javaw.exe (not found)
Check launcher:	C:\Users\temur\.dotnet\tools\bin\javaw.exe (not found)
Check launcher:	C:\Users\temur\AppData\Local\PowerToys\DSCModules\bin\javaw.exe (not found)
Check launcher:	D:\Programs\Antigravity\bin\javaw.exe (not found)
Check launcher:	C:\Users\temur\AppData\Roaming\npm\bin\javaw.exe (not found)
Check launcher:	C:\Users\temur\go\bin\javaw.exe (not found)
Check launcher:	C:\Program Files\Processing\bin\javaw.exe (not found)
Check launcher:	C:\Program Files\maven\apache-maven-3.9.12\bin\javaw.exe (not found)
Check launcher:	C:\Users\temur\AppData\Local\Google\Cloud SDK\google-cloud-sdk\bin\javaw.exe (not found)
Check launcher:	C:\Program Files\Java\jdk-21\bin\javaw.exe (OK)
Version string: 1.021.000_009 / 64-Bit (OK)
Launcher:	C:\Program Files\Java\jdk-21\bin\javaw.exe
Launcher args:	-jar "D:\MyProjects\MechIsCool\My.exe"
Args length:	38/32768 chars
Exit code:	0
